Symbol range map extraction starting
Processing 107 files
startProcessing "mod\fbd\block\BlockAirPomp.java" md5: 6f1c702b82dafb509baf1c7e8af76970
endProcessing "mod\fbd\block\BlockAirPomp.java"

startProcessing "mod\fbd\block\BlockBladeAlter.java" md5: 752695ae5d4c6f18ec7b8700a442ce0a
endProcessing "mod\fbd\block\BlockBladeAlter.java"

startProcessing "mod\fbd\block\BlockBladeStand.java" md5: d058304d70e1383bce8e510c01b97e54
endProcessing "mod\fbd\block\BlockBladeStand.java"

startProcessing "mod\fbd\block\BlockBladeforge.java" md5: 27dae644216af0027721c47d311ad8d5
endProcessing "mod\fbd\block\BlockBladeforge.java"

startProcessing "mod\fbd\block\BlockCore.java" md5: 9d209b33b535bfd13f46efc9a94cc3e7
endProcessing "mod\fbd\block\BlockCore.java"

startProcessing "mod\fbd\block\BlockDummyAnvil.java" md5: 3efb2b9d5138d487dd1769452bb5e819
endProcessing "mod\fbd\block\BlockDummyAnvil.java"

startProcessing "mod\fbd\block\BlockDummyFurnce.java" md5: 45db54d82284685fe288c0f72b2a2fc8
endProcessing "mod\fbd\block\BlockDummyFurnce.java"

startProcessing "mod\fbd\block\BlockGunCustomizer.java" md5: c95c886b87e848f6228027ff4b1a8fab
endProcessing "mod\fbd\block\BlockGunCustomizer.java"

startProcessing "mod\fbd\block\BlockHorizontalContainer.java" md5: e6e673ac29c148f0db142dcb12c672e5
endProcessing "mod\fbd\block\BlockHorizontalContainer.java"

startProcessing "mod\fbd\block\ItemBlockDummy.java" md5: dc3cc6ce8dd879703b5db513897e615c
endProcessing "mod\fbd\block\ItemBlockDummy.java"

startProcessing "mod\fbd\client\ClientProxy.java" md5: e341505a712b3b0669b0a9ab509673ff
endProcessing "mod\fbd\client\ClientProxy.java"

startProcessing "mod\fbd\config\ConfigProperty.java" md5: f716969890524649e346c2077e1c117f
endProcessing "mod\fbd\config\ConfigProperty.java"

startProcessing "mod\fbd\config\ConfigValue.java" md5: e5a572c1a8694faa743f53d5b6fb3271
endProcessing "mod\fbd\config\ConfigValue.java"

startProcessing "mod\fbd\config\ModConfig.java" md5: e7bee36cbe9d5811708330545a2be707
endProcessing "mod\fbd\config\ModConfig.java"

startProcessing "mod\fbd\config\SavedConfig.java" md5: 028b85663ac363ca3ea0961bbc06476c
endProcessing "mod\fbd\config\SavedConfig.java"

startProcessing "mod\fbd\core\CommonProxy.java" md5: aeeedf8bc32b565114f943b0446782cd
endProcessing "mod\fbd\core\CommonProxy.java"

startProcessing "mod\fbd\core\EventHandler.java" md5: 18b0145a9f9ab48eb80854417b7bb081
endProcessing "mod\fbd\core\EventHandler.java"

startProcessing "mod\fbd\core\LootNiji.java" md5: 68dbc6229f4013d6aa86b3c043f76fed
endProcessing "mod\fbd\core\LootNiji.java"

startProcessing "mod\fbd\core\ModCommon.java" md5: 9ae16f66ec886b075ccf8c58d938c80d
endProcessing "mod\fbd\core\ModCommon.java"

startProcessing "mod\fbd\core\ModGui.java" md5: e2daeadee5544b6d910d10f91f977ac5
endProcessing "mod\fbd\core\ModGui.java"

startProcessing "mod\fbd\core\ModRegister.java" md5: fb4a910855448732d43038048199d930
endProcessing "mod\fbd\core\ModRegister.java"

startProcessing "mod\fbd\core\Mod_FantomBlade.java" md5: 27abfdabf57017208cf16eb6543b9bc1
endProcessing "mod\fbd\core\Mod_FantomBlade.java"

startProcessing "mod\fbd\core\SoundManager.java" md5: 2a10fe38932b8751feeeeb54a5c53232
endProcessing "mod\fbd\core\SoundManager.java"

startProcessing "mod\fbd\core\log\ModLog.java" md5: 4f897e07d5b64650568b356ee9e48148
endProcessing "mod\fbd\core\log\ModLog.java"

startProcessing "mod\fbd\creative\CreativeTabElmWepon.java" md5: 00ffe1063733753d9f33c3a0fd5d191a
endProcessing "mod\fbd\creative\CreativeTabElmWepon.java"

startProcessing "mod\fbd\entity\EntityBurret.java" md5: f74fee3de854940bb4dc085e8111ba50
endProcessing "mod\fbd\entity\EntityBurret.java"

startProcessing "mod\fbd\entity\ProfessionGunSmith.java" md5: a314d3a5f002c1cccd1f2022d37352c1
endProcessing "mod\fbd\entity\ProfessionGunSmith.java"

startProcessing "mod\fbd\entity\ai\EntityAISmithTask.java" md5: eb896d1fb800b446e1df08685e111519
endProcessing "mod\fbd\entity\ai\EntityAISmithTask.java"

startProcessing "mod\fbd\entity\ai\EntityAIWatchClosestSmith.java" md5: 82866f9b93e87ea8e5ce7e3cc8b33ab4
endProcessing "mod\fbd\entity\ai\EntityAIWatchClosestSmith.java"

startProcessing "mod\fbd\entity\mob\EntityBladeSmith.java" md5: d566053f7ce505cdaf105c04c8bccf6d
endProcessing "mod\fbd\entity\mob\EntityBladeSmith.java"

startProcessing "mod\fbd\entity\mob\EntityElmBase.java" md5: ad3e052400e286fb5e009fb919b2c5e6
endProcessing "mod\fbd\entity\mob\EntityElmBase.java"

startProcessing "mod\fbd\equipmenteffect\EnchantEnderKiller.java" md5: eaae97cec8039202172afb6dbe8b20a0
endProcessing "mod\fbd\equipmenteffect\EnchantEnderKiller.java"

startProcessing "mod\fbd\equipmenteffect\EnchantMonsterKiller.java" md5: 7832948c854e165ecb537c293c51e63e
endProcessing "mod\fbd\equipmenteffect\EnchantMonsterKiller.java"

startProcessing "mod\fbd\equipmenteffect\EnchantmentCore.java" md5: a7f7e32e058a5780cc6ced5895cffd12
endProcessing "mod\fbd\equipmenteffect\EnchantmentCore.java"

startProcessing "mod\fbd\gui\GuiAutomatic.java" md5: f8d9691ac4a23aaf3ea8b660f6d7b9e0
endProcessing "mod\fbd\gui\GuiAutomatic.java"

startProcessing "mod\fbd\gui\GuiBladeAlter.java" md5: 6afc0a1dcf812b90e6ed202c22c53d78
endProcessing "mod\fbd\gui\GuiBladeAlter.java"

startProcessing "mod\fbd\gui\GuiBladeSmith.java" md5: 2fd012c5b3c9d78e417701a334f4a734
endProcessing "mod\fbd\gui\GuiBladeSmith.java"

startProcessing "mod\fbd\gui\GuiBladeforge.java" md5: 954d09d756de3b1dd302a426bbb4fa80
endProcessing "mod\fbd\gui\GuiBladeforge.java"

startProcessing "mod\fbd\gui\GuiCartridge.java" md5: a469193b0e28fe2f19fec699f38dcf0b
endProcessing "mod\fbd\gui\GuiCartridge.java"

startProcessing "mod\fbd\gui\GuiGunCustomize.java" md5: b4916836553118f90dd6786a3b612391
endProcessing "mod\fbd\gui\GuiGunCustomize.java"

startProcessing "mod\fbd\gui\GuiRevolver.java" md5: 149e5e6f162c150c160b51ab9f47517c
endProcessing "mod\fbd\gui\GuiRevolver.java"

startProcessing "mod\fbd\inventory\ContainerAutomatic.java" md5: df150fd8b1ba30636e9bfebe2bb99d33
endProcessing "mod\fbd\inventory\ContainerAutomatic.java"

startProcessing "mod\fbd\inventory\ContainerBladeAlter.java" md5: eda116dc7bb551ae751c9005bdaa60ec
endProcessing "mod\fbd\inventory\ContainerBladeAlter.java"

startProcessing "mod\fbd\inventory\ContainerBladeSmith.java" md5: 8054a344d6adc04b31ce1f37f4f3ccb7
endProcessing "mod\fbd\inventory\ContainerBladeSmith.java"

startProcessing "mod\fbd\inventory\ContainerBladeforge.java" md5: 3ed80caa61bc65fd39bee6c51951e928
endProcessing "mod\fbd\inventory\ContainerBladeforge.java"

startProcessing "mod\fbd\inventory\ContainerCartridge.java" md5: 49484de6db18a14d5d137704f36af9df
endProcessing "mod\fbd\inventory\ContainerCartridge.java"

startProcessing "mod\fbd\inventory\ContainerGunCustomizer.java" md5: a098220921fd362316e4cbf57763078d
endProcessing "mod\fbd\inventory\ContainerGunCustomizer.java"

startProcessing "mod\fbd\inventory\ContainerRevolver.java" md5: e3b92822dca83064ce9bc26138c5397c
endProcessing "mod\fbd\inventory\ContainerRevolver.java"

startProcessing "mod\fbd\inventory\InventoryAutomatic.java" md5: 34d9fe8da8e3a6696b102a4ce3b4fecb
endProcessing "mod\fbd\inventory\InventoryAutomatic.java"

startProcessing "mod\fbd\inventory\InventoryCartridge.java" md5: bda7e077ed5fa79c269f2eb17b04db96
endProcessing "mod\fbd\inventory\InventoryCartridge.java"

startProcessing "mod\fbd\inventory\InventoryGunCustomize.java" md5: 1f09a85810860a9a1b361491cf88bdba
endProcessing "mod\fbd\inventory\InventoryGunCustomize.java"

startProcessing "mod\fbd\inventory\InventoryRevolver.java" md5: ad1ef843c2a861d538605928f3376940
endProcessing "mod\fbd\inventory\InventoryRevolver.java"

startProcessing "mod\fbd\inventory\InventorySmith.java" md5: 8b000b90929575410d48c7687a86dd4f
endProcessing "mod\fbd\inventory\InventorySmith.java"

startProcessing "mod\fbd\item\AttributeModifierK.java" md5: 42c2334d751850113bbb79cd4bf22692
endProcessing "mod\fbd\item\AttributeModifierK.java"

startProcessing "mod\fbd\item\ItemAutomatic.java" md5: be5e4474f118f79bea22d7e856d06243
endProcessing "mod\fbd\item\ItemAutomatic.java"

startProcessing "mod\fbd\item\ItemBladePiece.java" md5: 4d0a3be09b4b16f3a461c0da5813cb23
endProcessing "mod\fbd\item\ItemBladePiece.java"

startProcessing "mod\fbd\item\ItemBurret.java" md5: 6ed3ca07d4644a6e98d1ab59ea2dc13c
endProcessing "mod\fbd\item\ItemBurret.java"

startProcessing "mod\fbd\item\ItemBurretPotion.java" md5: f1a5dc98cbc9dffa9e2997b418bb0d41
endProcessing "mod\fbd\item\ItemBurretPotion.java"

startProcessing "mod\fbd\item\ItemCartridge.java" md5: 037e48f520c1b7e011895105fd90dd6f
endProcessing "mod\fbd\item\ItemCartridge.java"

startProcessing "mod\fbd\item\ItemCore.java" md5: 9a76da12dffe6f1c3f10387db4505daf
endProcessing "mod\fbd\item\ItemCore.java"

startProcessing "mod\fbd\item\ItemHummer.java" md5: 5a5feb2249a5e3d033620982cb43749d
endProcessing "mod\fbd\item\ItemHummer.java"

startProcessing "mod\fbd\item\ItemKatana.java" md5: f9101100a6128f43b34a02399abfac24
endProcessing "mod\fbd\item\ItemKatana.java"

startProcessing "mod\fbd\item\ItemKatanaByako.java" md5: 3805dabf147c98b2498e993a8f04ad8a
endProcessing "mod\fbd\item\ItemKatanaByako.java"

startProcessing "mod\fbd\item\ItemKatanaGenbu.java" md5: 58c92d916d277d97078fba40aebf0674
endProcessing "mod\fbd\item\ItemKatanaGenbu.java"

startProcessing "mod\fbd\item\ItemKatanaKirin.java" md5: dc2326e3c988abb636f6326b26ba42ef
endProcessing "mod\fbd\item\ItemKatanaKirin.java"

startProcessing "mod\fbd\item\ItemKatanaMugen.java" md5: 7aa6b55a6a07798ce07c1097662c9b9c
endProcessing "mod\fbd\item\ItemKatanaMugen.java"

startProcessing "mod\fbd\item\ItemKatanaNiji.java" md5: 1fe104947f6292ec6abce8abd79ab5d2
endProcessing "mod\fbd\item\ItemKatanaNiji.java"

startProcessing "mod\fbd\item\ItemKatanaSeiryu.java" md5: c9d4088b4c1665b73a92aea27d13d3f9
endProcessing "mod\fbd\item\ItemKatanaSeiryu.java"

startProcessing "mod\fbd\item\ItemKatanaSuzaku.java" md5: a2f2e4175485179d3dc5a219261325b2
endProcessing "mod\fbd\item\ItemKatanaSuzaku.java"

startProcessing "mod\fbd\item\ItemMagnet.java" md5: 6329d08053991c9884d4720e3abd9505
endProcessing "mod\fbd\item\ItemMagnet.java"

startProcessing "mod\fbd\item\ItemMobSoule.java" md5: cef7d8363f3c6292371364d72514fd05
endProcessing "mod\fbd\item\ItemMobSoule.java"

startProcessing "mod\fbd\item\ItemRevolver.java" md5: cab2b289909ded9024eabbe07fa0f46c
endProcessing "mod\fbd\item\ItemRevolver.java"

startProcessing "mod\fbd\item\ItemSlashBlade.java" md5: 43a8477759a4d05d36e3cf9f84d7eea2
endProcessing "mod\fbd\item\ItemSlashBlade.java"

startProcessing "mod\fbd\item\ItemSummonSeal.java" md5: 2068c4e995698a2282e75f1ff05f2e80
endProcessing "mod\fbd\item\ItemSummonSeal.java"

startProcessing "mod\fbd\item\ItemTamahagane.java" md5: 72dbe5b4bb5691940c92156624434ee8
endProcessing "mod\fbd\item\ItemTamahagane.java"

startProcessing "mod\fbd\model\ModelAirPomp.java" md5: a624f69a802df607c5baaa7af040c445
endProcessing "mod\fbd\model\ModelAirPomp.java"

startProcessing "mod\fbd\model\ModelBladeAlter.java" md5: ed0a5a2f6e6e775239f0931ce7ea97d3
endProcessing "mod\fbd\model\ModelBladeAlter.java"

startProcessing "mod\fbd\model\ModelBladeSmith.java" md5: 58e8487d6570b17e6e75253e33c6bdd0
endProcessing "mod\fbd\model\ModelBladeSmith.java"

startProcessing "mod\fbd\model\ModelBladeStand1.java" md5: 258b3eae107d1a3a6e3c52541baeb50c
endProcessing "mod\fbd\model\ModelBladeStand1.java"

startProcessing "mod\fbd\model\ModelBladeStand2.java" md5: 6afa93ed280597edd5fdbaee16e335cf
endProcessing "mod\fbd\model\ModelBladeStand2.java"

startProcessing "mod\fbd\model\ModelBlaseStandBase.java" md5: ecbed46149983c7d4f6ca7cd874d982f
endProcessing "mod\fbd\model\ModelBlaseStandBase.java"

startProcessing "mod\fbd\model\ModelKatana.java" md5: 944473bf1aed70b8d69f71b1f81bd066
endProcessing "mod\fbd\model\ModelKatana.java"

startProcessing "mod\fbd\network\MessageBladeforgeSmeltingStart.java" md5: e775b9e4074f988e64d48d23f611f5d9
endProcessing "mod\fbd\network\MessageBladeforgeSmeltingStart.java"

startProcessing "mod\fbd\network\MessageCreateBlade.java" md5: 0636c0622eeeb57ab34a1250931d7cde
endProcessing "mod\fbd\network\MessageCreateBlade.java"

startProcessing "mod\fbd\network\MessageRepairBlade.java" md5: bf979b0c4f58089f181984501d13b0c6
endProcessing "mod\fbd\network\MessageRepairBlade.java"

startProcessing "mod\fbd\network\MessageSetRunAirPomp.java" md5: 1933abab5cbd9196d6855bf2a93bfa18
endProcessing "mod\fbd\network\MessageSetRunAirPomp.java"

startProcessing "mod\fbd\network\MessageSetRunBladeforge.java" md5: ce7740173a4e91934da36441ef2a425b
endProcessing "mod\fbd\network\MessageSetRunBladeforge.java"

startProcessing "mod\fbd\network\Message_BladeLevelUpdate.java" md5: 438f50373f0fac861f98c9beefb509de
endProcessing "mod\fbd\network\Message_BladeLevelUpdate.java"

startProcessing "mod\fbd\network\Message_BladeStandChange.java" md5: 1f131cc7d4629f4b30ba4137baee988e
endProcessing "mod\fbd\network\Message_BladeStandChange.java"

startProcessing "mod\fbd\render\RenderEntityBladeSmith.java" md5: 8faf649f9759da189ddd6faf9ddf4ade
endProcessing "mod\fbd\render\RenderEntityBladeSmith.java"

startProcessing "mod\fbd\render\RenderEntityBurret.java" md5: d389594b98453d06baddaec64ec9b576
endProcessing "mod\fbd\render\RenderEntityBurret.java"

startProcessing "mod\fbd\render\RenderTileEntityBladeAlter.java" md5: b215f7bab50c89409ea9cc287d7ea77e
endProcessing "mod\fbd\render\RenderTileEntityBladeAlter.java"

startProcessing "mod\fbd\render\RenderTileEntityBladeStand.java" md5: 00bf45cc3fcfb02f0d8b0ed50e0c6be3
endProcessing "mod\fbd\render\RenderTileEntityBladeStand.java"

startProcessing "mod\fbd\render\RenderTileEntityBladeforge.java" md5: 6b86203546cff6e52d684e4c2f65ab2d
endProcessing "mod\fbd\render\RenderTileEntityBladeforge.java"

startProcessing "mod\fbd\render\RendernTileEntityAirPomp.java" md5: ead128a121be4ea2c9e5ade216d8cf5d
endProcessing "mod\fbd\render\RendernTileEntityAirPomp.java"

startProcessing "mod\fbd\resource\ResourceManager.java" md5: 87d2af2bd129c2b53d719e941794ca46
endProcessing "mod\fbd\resource\ResourceManager.java"

startProcessing "mod\fbd\resource\TextureInfo.java" md5: 8ded4e44f9081b859943c2bd6855eca6
endProcessing "mod\fbd\resource\TextureInfo.java"

startProcessing "mod\fbd\tileentity\TileEntityAirPomp.java" md5: f7be23c07912dd0fbbac781df8503879
endProcessing "mod\fbd\tileentity\TileEntityAirPomp.java"

startProcessing "mod\fbd\tileentity\TileEntityBladeAlter.java" md5: 1739ac70160ea8db731f7b9c2adedad1
endProcessing "mod\fbd\tileentity\TileEntityBladeAlter.java"

startProcessing "mod\fbd\tileentity\TileEntityBladeStand.java" md5: 1c8e03470f86e30db9792b119e3e1750
endProcessing "mod\fbd\tileentity\TileEntityBladeStand.java"

startProcessing "mod\fbd\tileentity\TileEntityBladeforge.java" md5: 7e30acade05dc59147c63e61cbdb490b
endProcessing "mod\fbd\tileentity\TileEntityBladeforge.java"

startProcessing "mod\fbd\trade\VillagerTrade.java" md5: 840fcfafe21f86f416834906375358ce
endProcessing "mod\fbd\trade\VillagerTrade.java"

startProcessing "mod\fbd\util\Enchant.java" md5: 25cb2f779a3ec2496b21e067a3460462
endProcessing "mod\fbd\util\Enchant.java"

startProcessing "mod\fbd\util\ModUtil.java" md5: 3087ee7f71eb6d515ff17b72ad365c0a
endProcessing "mod\fbd\util\ModUtil.java"

startProcessing "mod\fbd\world\village\ComponentVillageGunSmithHouse.java" md5: 6e001b705e846dec18906b07bb029a1e
endProcessing "mod\fbd\world\village\ComponentVillageGunSmithHouse.java"

startProcessing "mod\fbd\world\village\ComponentVillageGunSmithHouseStart.java" md5: 4ac8205d12d9e13730a9441bfe1477bf
endProcessing "mod\fbd\world\village\ComponentVillageGunSmithHouseStart.java"

startProcessing "mod\fbd\world\village\VillageCrationHandler.java" md5: 52bc65f7c50ff81be7f4e1fc46b6bb4a
endProcessing "mod\fbd\world\village\VillageCrationHandler.java"

